android/app/build/intermediates/manifest_merge_blame_file/release/manifest-merger-blame-release-report.txt
1<?xml version="1.0" encoding="utf-8"?>
2<manifest xmlns:android="http://schemas.android.com/apk/res/android"
3    package="com.bulk2.app"
4    android:versionCode="2"
5    android:versionName="1.1" >
6
7    <uses-sdk
8        android:minSdkVersion="21"
8-->src\main\AndroidManifest.xml
9        android:targetSdkVersion="30" />
9-->src\main\AndroidManifest.xml
10
11    <uses-permission android:name="android.permission.INTERNET" />
11-->src\main\AndroidManifest.xml:4:5-67
11-->src\main\AndroidManifest.xml:4:22-64
12    <uses-permission android:name="android.permission.ACCESS_FINE_LOCATION" />
12-->src\main\AndroidManifest.xml:5:5-79
12-->src\main\AndroidManifest.xml:5:22-76
13    <uses-permission android:name="android.permission.ACCESS_COARSE_LOCATION" />
13-->src\main\AndroidManifest.xml:6:5-81
13-->src\main\AndroidManifest.xml:6:22-78
14    <uses-permission android:name="android.permission.CAMERA" />
14-->src\main\AndroidManifest.xml:7:5-65
14-->src\main\AndroidManifest.xml:7:22-62
15
16    <uses-feature android:name="android.hardware.camera" />
16-->src\main\AndroidManifest.xml:9:5-60
16-->src\main\AndroidManifest.xml:9:19-57
17    <uses-feature android:name="android.hardware.camera.autofocus" />
17-->src\main\AndroidManifest.xml:10:5-70
17-->src\main\AndroidManifest.xml:10:19-67
18
19    <uses-permission android:name="android.permission.BLUETOOTH" />
19-->src\main\AndroidManifest.xml:12:5-68
19-->src\main\AndroidManifest.xml:12:22-65
20    <uses-permission android:name="android.permission.BLUETOOTH_ADMIN" />
20-->src\main\AndroidManifest.xml:13:5-74
20-->src\main\AndroidManifest.xml:13:22-71
21    <uses-permission android:name="android.permission.SYSTEM_ALERT_WINDOW" />
21-->src\main\AndroidManifest.xml:14:5-78
21-->src\main\AndroidManifest.xml:14:22-75
22    <uses-permission android:name="android.permission.ACCESS_NETWORK_STATE" />
22-->[:react-native-community_netinfo] AndroidManifest.xml:9:5-79
22-->[:react-native-community_netinfo] AndroidManifest.xml:9:22-76
23    <uses-permission android:name="android.permission.ACCESS_WIFI_STATE" />
23-->[:react-native-community_netinfo] AndroidManifest.xml:10:5-76
23-->[:react-native-community_netinfo] AndroidManifest.xml:10:22-73
24
25    <uses-feature
25-->[:react-native-ble-manager] AndroidManifest.xml:11:5-13:36
26        android:name="android.hardware.bluetooth_le"
26-->[:react-native-ble-manager] AndroidManifest.xml:12:9-53
27        android:required="false" />
27-->[:react-native-ble-manager] AndroidManifest.xml:13:9-33
28
29    <uses-permission android:name="android.permission.WRITE_EXTERNAL_STORAGE" />
29-->[:react-native-fs] AndroidManifest.xml:11:5-81
29-->[:react-native-fs] AndroidManifest.xml:11:22-78
30
31    <application
31-->src\main\AndroidManifest.xml:16:5-50:19
32        android:name="com.bulk2.app.MainApplication"
32-->src\main\AndroidManifest.xml:17:9-40
33        android:allowBackup="false"
33-->src\main\AndroidManifest.xml:18:9-36
34        android:appComponentFactory="androidx.core.app.CoreComponentFactory"
34-->[androidx.core:core:1.3.2] AndroidManifest.xml:24:18-86
35        android:icon="@mipmap/ic_launcher"
35-->src\main\AndroidManifest.xml:19:9-43
36        android:label="@string/app_name"
36-->src\main\AndroidManifest.xml:20:9-41
37        android:roundIcon="@mipmap/ic_launcher_round"
37-->src\main\AndroidManifest.xml:21:9-54
38        android:theme="@style/AppTheme"
38-->src\main\AndroidManifest.xml:22:9-40
39        android:usesCleartextTraffic="true" >
39-->src\main\AndroidManifest.xml:23:9-44
40        <activity
40-->src\main\AndroidManifest.xml:24:9-35:20
41            android:name="com.bulk2.app.MainActivity"
41-->src\main\AndroidManifest.xml:25:13-41
42            android:configChanges="keyboard|keyboardHidden|orientation|screenSize|uiMode"
42-->src\main\AndroidManifest.xml:26:13-90
43            android:label="@string/app_name"
43-->src\main\AndroidManifest.xml:27:13-45
44            android:launchMode="singleTask"
44-->src\main\AndroidManifest.xml:28:13-44
45            android:screenOrientation="portrait"
45-->src\main\AndroidManifest.xml:29:13-49
46            android:windowSoftInputMode="adjustResize" >
46-->src\main\AndroidManifest.xml:30:13-55
47            <intent-filter>
47-->src\main\AndroidManifest.xml:31:13-34:29
48                <action android:name="android.intent.action.MAIN" />
48-->src\main\AndroidManifest.xml:32:17-69
48-->src\main\AndroidManifest.xml:32:25-66
49
50                <category android:name="android.intent.category.LAUNCHER" />
50-->src\main\AndroidManifest.xml:33:17-77
50-->src\main\AndroidManifest.xml:33:27-74
51            </intent-filter>
52        </activity>
53        <activity
53-->src\main\AndroidManifest.xml:38:9-41:45
54            android:name="com.bulk2.app.DeviceListActivity"
54-->src\main\AndroidManifest.xml:39:13-47
55            android:configChanges="orientation|keyboardHidden"
55-->src\main\AndroidManifest.xml:40:13-63
56            android:label="select_device" />
56-->src\main\AndroidManifest.xml:41:13-42
57        <activity
57-->src\main\AndroidManifest.xml:42:9-47:56
58            android:name="com.bulk2.app.PrintListActivity"
58-->src\main\AndroidManifest.xml:43:13-46
59            android:configChanges="orientation|keyboardHidden"
59-->src\main\AndroidManifest.xml:44:13-63
60            android:label="printer_activity"
60-->src\main\AndroidManifest.xml:46:13-45
61            android:theme="@style/Theme.Transparent" />
61-->src\main\AndroidManifest.xml:47:13-53
62
63        <provider
63-->[:react-native-image-picker] AndroidManifest.xml:12:9-20:20
64            android:name="com.imagepicker.ImagePickerProvider"
64-->[:react-native-image-picker] AndroidManifest.xml:13:13-63
65            android:authorities="com.bulk2.app.imagepickerprovider"
65-->[:react-native-image-picker] AndroidManifest.xml:14:13-71
66            android:exported="false"
66-->[:react-native-image-picker] AndroidManifest.xml:15:13-37
67            android:grantUriPermissions="true" >
67-->[:react-native-image-picker] AndroidManifest.xml:16:13-47
68            <meta-data
68-->[:react-native-image-picker] AndroidManifest.xml:17:13-19:70
69                android:name="android.support.FILE_PROVIDER_PATHS"
69-->[:react-native-image-picker] AndroidManifest.xml:18:17-67
70                android:resource="@xml/imagepicker_provider_paths" />
70-->[:react-native-image-picker] AndroidManifest.xml:19:17-67
71        </provider>
72
73        <activity
73-->[com.google.android.gms:play-services-base:17.0.0] AndroidManifest.xml:23:9-26:75
74            android:name="com.google.android.gms.common.api.GoogleApiActivity"
74-->[com.google.android.gms:play-services-base:17.0.0] AndroidManifest.xml:24:13-79
75            android:exported="false"
75-->[com.google.android.gms:play-services-base:17.0.0] AndroidManifest.xml:25:13-37
76            android:theme="@android:style/Theme.Translucent.NoTitleBar" />
76-->[com.google.android.gms:play-services-base:17.0.0] AndroidManifest.xml:26:13-72
77
78        <meta-data
78-->[com.google.android.gms:play-services-basement:17.0.0] AndroidManifest.xml:23:9-25:69
79            android:name="com.google.android.gms.version"
79-->[com.google.android.gms:play-services-basement:17.0.0] AndroidManifest.xml:24:13-58
80            android:value="@integer/google_play_services_version" />
80-->[com.google.android.gms:play-services-basement:17.0.0] AndroidManifest.xml:25:13-66
81    </application>
82
83</manifest>